#
# There is insufficient memory for the Java Runtime Environment to continue.
# Native memory allocation (malloc) failed to allocate 1535696 bytes for Chunk::new
# Possible reasons:
#   The system is out of physical RAM or swap space
#   In 32 bit mode, the process size limit was hit
# Possible solutions:
#   Reduce memory load on the system
#   Increase physical memory or swap space
#   Check if swap backing store is full
#   Use 64 bit Java on a 64 bit OS
#   Decrease Java heap size (-Xmx/-Xms)
#   Decrease number of Java threads
#   Decrease Java thread stack sizes (-Xss)
#   Set larger code cache with -XX:ReservedCodeCacheSize=
# This output file may be truncated or incomplete.
#
#  Out of Memory Error (allocation.cpp:390), pid=4320, tid=2732
#
# JRE version: Java(TM) SE Runtime Environment (8.0_25-b18) (build 1.8.0_25-b18)
# Java VM: Java HotSpot(TM) 64-Bit Server VM (25.25-b02 mixed mode windows-amd64 compressed oops)
# Failed to write core dump. Minidumps are not enabled by default on client versions of Windows
#

---------------  T H R E A D  ---------------

Current thread (0x000000001481c800):  JavaThread "C2 CompilerThread0" daemon [_thread_in_native, id=2732, stack(0x0000000015d80000,0x0000000015e80000)]

Stack: [0x0000000015d80000,0x0000000015e80000]
Native frames: (J=compiled Java code, j=interpreted, Vv=VM code, C=native code)
V  [jvm.dll+0x31667a]
V  [jvm.dll+0x267073]
V  [jvm.dll+0x267cb3]
V  [jvm.dll+0x25f5b5]
V  [jvm.dll+0xbf165]
V  [jvm.dll+0xbf60c]
V  [jvm.dll+0x45d672]
V  [jvm.dll+0x49e8ef]
V  [jvm.dll+0x452668]
V  [jvm.dll+0x453864]
V  [jvm.dll+0x437372]
V  [jvm.dll+0x98a02]
V  [jvm.dll+0x991f3]
V  [jvm.dll+0x22bde4]
V  [jvm.dll+0x2852fa]
C  [msvcr100.dll+0x21d9f]
C  [msvcr100.dll+0x21e3b]
C  [KERNEL32.DLL+0x13d2]
C  [ntdll.dll+0x154e4]


Current CompileTask:
C2:  29911 2088   !   4       com.android.dx.cf.cst.ConstantPoolParser::parse0 (731 bytes)


---------------  P R O C E S S  ---------------

Java Threads: ( => current thread )
  0x0000000002050800 JavaThread "DestroyJavaVM" [_thread_blocked, id=2832, stack(0x0000000001e50000,0x0000000001f50000)]
  0x000000001487a800 JavaThread "Service Thread" daemon [_thread_blocked, id=4700, stack(0x0000000016080000,0x0000000016180000)]
  0x0000000014874000 JavaThread "C1 CompilerThread2" daemon [_thread_blocked, id=4816, stack(0x0000000015f80000,0x0000000016080000)]
  0x000000001486d800 JavaThread "C2 CompilerThread1" daemon [_thread_blocked, id=1480, stack(0x0000000015e80000,0x0000000015f80000)]
=>0x000000001481c800 JavaThread "C2 CompilerThread0" daemon [_thread_in_native, id=2732, stack(0x0000000015d80000,0x0000000015e80000)]
  0x000000001481b000 JavaThread "Attach Listener" daemon [_thread_blocked, id=2500, stack(0x0000000015c80000,0x0000000015d80000)]
  0x0000000014819800 JavaThread "Signal Dispatcher" daemon [_thread_blocked, id=3704, stack(0x0000000015b80000,0x0000000015c80000)]
  0x0000000002146000 JavaThread "Finalizer" daemon [_thread_blocked, id=4532, stack(0x0000000015a80000,0x0000000015b80000)]
  0x000000000213d000 JavaThread "Reference Handler" daemon [_thread_blocked, id=1872, stack(0x0000000015980000,0x0000000015a80000)]

Other Threads:
  0x00000000147e5000 VMThread [stack: 0x0000000015880000,0x0000000015980000] [id=3852]
  0x000000001487d800 WatcherThread [stack: 0x0000000016180000,0x0000000016280000] [id=1808]

VM state:not at safepoint (normal execution)

VM Mutex/Monitor currently owned by a thread: None

Heap:
 PSYoungGen      total 96768K, used 30402K [0x00000000eab00000, 0x00000000f2380000, 0x0000000100000000)
  eden space 81920K, 19% used [0x00000000eab00000,0x00000000eba35878,0x00000000efb00000)
  from space 14848K, 99% used [0x00000000f0d00000,0x00000000f1b7afe0,0x00000000f1b80000)
  to   space 18432K, 0% used [0x00000000efb00000,0x00000000efb00000,0x00000000f0d00000)
 ParOldGen       total 66048K, used 35512K [0x00000000c0000000, 0x00000000c4080000, 0x00000000eab00000)
  object space 66048K, 53% used [0x00000000c0000000,0x00000000c22ae010,0x00000000c4080000)
 Metaspace       used 7208K, capacity 7768K, committed 7936K, reserved 1056768K
  class space    used 667K, capacity 720K, committed 768K, reserved 1048576K

Card table byte_map: [0x0000000011510000,0x0000000011720000] byte_map_base: 0x0000000010f10000

Marking Bits: (ParMarkBitMap*) 0x000000007544d490
 Begin Bits: [0x0000000011c80000, 0x0000000012c80000)
 End Bits:   [0x0000000012c80000, 0x0000000013c80000)

Polling page: 0x0000000000590000

CodeCache: size=245760Kb used=11942Kb max_used=11954Kb free=233817Kb
 bounds [0x0000000002150000, 0x0000000002d10000, 0x0000000011150000]
 total_blobs=3036 nmethods=2764 adapters=186
 compilation: enabled

Compilation events (10 events):
Event: 23.171 Thread 0x000000001486d800 2278       4       com.android.dx.dex.code.OutputFinisher::addConstants (93 bytes)
Event: 23.178 Thread 0x0000000014874000 2288 %     3       com.android.dx.dex.code.StdCatchBuilder::hasAnyCatches @ 15 (57 bytes)
Event: 23.179 Thread 0x0000000014874000 nmethod 2288% 0x0000000002b1b750 code [0x0000000002b1b940, 0x0000000002b1c6b8]
Event: 23.191 Thread 0x0000000014874000 2289 %     3       com.android.dx.dex.file.CodeItem::addContents @ 142 (174 bytes)
Event: 23.194 Thread 0x0000000014874000 nmethod 2289% 0x0000000002b145d0 code [0x0000000002b148e0, 0x0000000002b162a8]
Event: 23.206 Thread 0x0000000014874000 2291       3       com.android.dx.dex.code.StdCatchBuilder::hasAnyCatches (57 bytes)
Event: 23.207 Thread 0x0000000014874000 nmethod 2291 0x0000000002b1cc50 code [0x0000000002b1ce40, 0x0000000002b1db78]
Event: 23.207 Thread 0x0000000014874000 2292       3       com.android.dx.dex.file.CodeItem::addContents (174 bytes)
Event: 23.209 Thread 0x0000000014874000 nmethod 2292 0x0000000002b1e0d0 code [0x0000000002b1e3c0, 0x0000000002b1fd28]
Event: 23.216 Thread 0x0000000014874000 2294  s    2       com.android.dx.dex.file.TypeIdsSection::intern (62 bytes)

GC Heap History (10 events):
Event: 15.633 GC heap before
{Heap before GC invocations=4 (full 0):
 PSYoungGen      total 34304K, used 34279K [0x00000000eab00000, 0x00000000eee00000, 0x0000000100000000)
  eden space 31744K, 100% used [0x00000000eab00000,0x00000000eca00000,0x00000000eca00000)
  from space 2560K, 99% used [0x00000000eca00000,0x00000000ecc79c50,0x00000000ecc80000)
  to   space 2560K, 0% used [0x00000000eeb80000,0x00000000eeb80000,0x00000000eee00000)
 ParOldGen       total 42496K, used 9038K [0x00000000c0000000, 0x00000000c2980000, 0x00000000eab00000)
  object space 42496K, 21% used [0x00000000c0000000,0x00000000c08d3be8,0x00000000c2980000)
 Metaspace       used 6220K, capacity 7088K, committed 7296K, reserved 1056768K
  class space    used 593K, capacity 616K, committed 640K, reserved 1048576K
Event: 16.006 GC heap after
Heap after GC invocations=4 (full 0):
 PSYoungGen      total 66048K, used 2531K [0x00000000eab00000, 0x00000000eee00000, 0x0000000100000000)
  eden space 63488K, 0% used [0x00000000eab00000,0x00000000eab00000,0x00000000ee900000)
  from space 2560K, 98% used [0x00000000eeb80000,0x00000000eedf8fb8,0x00000000eee00000)
  to   space 2560K, 0% used [0x00000000ee900000,0x00000000ee900000,0x00000000eeb80000)
 ParOldGen       total 42496K, used 13809K [0x00000000c0000000, 0x00000000c2980000, 0x00000000eab00000)
  object space 42496K, 32% used [0x00000000c0000000,0x00000000c0d7c5f8,0x00000000c2980000)
 Metaspace       used 6220K, capacity 7088K, committed 7296K, reserved 1056768K
  class space    used 593K, capacity 616K, committed 640K, reserved 1048576K
}
Event: 18.977 GC heap before
{Heap before GC invocations=5 (full 0):
 PSYoungGen      total 66048K, used 66019K [0x00000000eab00000, 0x00000000eee00000, 0x0000000100000000)
  eden space 63488K, 100% used [0x00000000eab00000,0x00000000ee900000,0x00000000ee900000)
  from space 2560K, 98% used [0x00000000eeb80000,0x00000000eedf8fb8,0x00000000eee00000)
  to   space 2560K, 0% used [0x00000000ee900000,0x00000000ee900000,0x00000000eeb80000)
 ParOldGen       total 42496K, used 13809K [0x00000000c0000000, 0x00000000c2980000, 0x00000000eab00000)
  object space 42496K, 32% used [0x00000000c0000000,0x00000000c0d7c5f8,0x00000000c2980000)
 Metaspace       used 6279K, capacity 7152K, committed 7296K, reserved 1056768K
  class space    used 594K, capacity 616K, committed 640K, reserved 1048576K
Event: 19.440 GC heap after
Heap after GC invocations=5 (full 0):
 PSYoungGen      total 66048K, used 2531K [0x00000000eab00000, 0x00000000eee00000, 0x0000000100000000)
  eden space 63488K, 0% used [0x00000000eab00000,0x00000000eab00000,0x00000000ee900000)
  from space 2560K, 98% used [0x00000000ee900000,0x00000000eeb78c88,0x00000000eeb80000)
  to   space 2560K, 0% used [0x00000000eeb80000,0x00000000eeb80000,0x00000000eee00000)
 ParOldGen       total 42496K, used 23481K [0x00000000c0000000, 0x00000000c2980000, 0x00000000eab00000)
  object space 42496K, 55% used [0x00000000c0000000,0x00000000c16ee740,0x00000000c2980000)
 Metaspace       used 6279K, capacity 7152K, committed 7296K, reserved 1056768K
  class space    used 594K, capacity 616K, committed 640K, reserved 1048576K
}
Event: 21.078 GC heap before
{Heap before GC invocations=6 (full 0):
 PSYoungGen      total 66048K, used 66019K [0x00000000eab00000, 0x00000000eee00000, 0x0000000100000000)
  eden space 63488K, 100% used [0x00000000eab00000,0x00000000ee900000,0x00000000ee900000)
  from space 2560K, 98% used [0x00000000ee900000,0x00000000eeb78c88,0x00000000eeb80000)
  to   space 2560K, 0% used [0x00000000eeb80000,0x00000000eeb80000,0x00000000eee00000)
 ParOldGen       total 42496K, used 23481K [0x00000000c0000000, 0x00000000c2980000, 0x00000000eab00000)
  object space 42496K, 55% used [0x00000000c0000000,0x00000000c16ee740,0x00000000c2980000)
 Metaspace       used 6416K, capacity 7192K, committed 7424K, reserved 1056768K
  class space    used 613K, capacity 656K, committed 768K, reserved 1048576K
Event: 21.210 GC heap after
Heap after GC invocations=6 (full 0):
 PSYoungGen      total 52736K, used 2528K [0x00000000eab00000, 0x00000000f4600000, 0x0000000100000000)
  eden space 50176K, 0% used [0x00000000eab00000,0x00000000eab00000,0x00000000edc00000)
  from space 2560K, 98% used [0x00000000eeb80000,0x00000000eedf8028,0x00000000eee00000)
  to   space 15872K, 0% used [0x00000000edc00000,0x00000000edc00000,0x00000000eeb80000)
 ParOldGen       total 42496K, used 34144K [0x00000000c0000000, 0x00000000c2980000, 0x00000000eab00000)
  object space 42496K, 80% used [0x00000000c0000000,0x00000000c21580b8,0x00000000c2980000)
 Metaspace       used 6416K, capacity 7192K, committed 7424K, reserved 1056768K
  class space    used 613K, capacity 656K, committed 768K, reserved 1048576K
}
Event: 21.210 GC heap before
{Heap before GC invocations=7 (full 1):
 PSYoungGen      total 52736K, used 2528K [0x00000000eab00000, 0x00000000f4600000, 0x0000000100000000)
  eden space 50176K, 0% used [0x00000000eab00000,0x00000000eab00000,0x00000000edc00000)
  from space 2560K, 98% used [0x00000000eeb80000,0x00000000eedf8028,0x00000000eee00000)
  to   space 15872K, 0% used [0x00000000edc00000,0x00000000edc00000,0x00000000eeb80000)
 ParOldGen       total 42496K, used 34144K [0x00000000c0000000, 0x00000000c2980000, 0x00000000eab00000)
  object space 42496K, 80% used [0x00000000c0000000,0x00000000c21580b8,0x00000000c2980000)
 Metaspace       used 6416K, capacity 7192K, committed 7424K, reserved 1056768K
  class space    used 613K, capacity 656K, committed 768K, reserved 1048576K
Event: 22.163 GC heap after
Heap after GC invocations=7 (full 1):
 PSYoungGen      total 52736K, used 0K [0x00000000eab00000, 0x00000000f4600000, 0x0000000100000000)
  eden space 50176K, 0% used [0x00000000eab00000,0x00000000eab00000,0x00000000edc00000)
  from space 2560K, 0% used [0x00000000eeb80000,0x00000000eeb80000,0x00000000eee00000)
  to   space 15872K, 0% used [0x00000000edc00000,0x00000000edc00000,0x00000000eeb80000)
 ParOldGen       total 66048K, used 32820K [0x00000000c0000000, 0x00000000c4080000, 0x00000000eab00000)
  object space 66048K, 49% used [0x00000000c0000000,0x00000000c200d3a0,0x00000000c4080000)
 Metaspace       used 6416K, capacity 7192K, committed 7424K, reserved 1056768K
  class space    used 613K, capacity 656K, committed 768K, reserved 1048576K
}
Event: 22.867 GC heap before
{Heap before GC invocations=8 (full 1):
 PSYoungGen      total 52736K, used 50176K [0x00000000eab00000, 0x00000000f4600000, 0x0000000100000000)
  eden space 50176K, 100% used [0x00000000eab00000,0x00000000edc00000,0x00000000edc00000)
  from space 2560K, 0% used [0x00000000eeb80000,0x00000000eeb80000,0x00000000eee00000)
  to   space 15872K, 0% used [0x00000000edc00000,0x00000000edc00000,0x00000000eeb80000)
 ParOldGen       total 66048K, used 32820K [0x00000000c0000000, 0x00000000c4080000, 0x00000000eab00000)
  object space 66048K, 49% used [0x00000000c0000000,0x00000000c200d3a0,0x00000000c4080000)
 Metaspace       used 6438K, capacity 7256K, committed 7424K, reserved 1056768K
  class space    used 613K, capacity 656K, committed 768K, reserved 1048576K
Event: 22.896 GC heap after
Heap after GC invocations=8 (full 1):
 PSYoungGen      total 66048K, used 8706K [0x00000000eab00000, 0x00000000f1b80000, 0x0000000100000000)
  eden space 50176K, 0% used [0x00000000eab00000,0x00000000eab00000,0x00000000edc00000)
  from space 15872K, 54% used [0x00000000edc00000,0x00000000ee480a88,0x00000000eeb80000)
  to   space 14848K, 0% used [0x00000000f0d00000,0x00000000f0d00000,0x00000000f1b80000)
 ParOldGen       total 66048K, used 32828K [0x00000000c0000000, 0x00000000c4080000, 0x00000000eab00000)
  object space 66048K, 49% used [0x00000000c0000000,0x00000000c200f3a0,0x00000000c4080000)
 Metaspace       used 6438K, capacity 7256K, committed 7424K, reserved 1056768K
  class space    used 613K, capacity 656K, committed 768K, reserved 1048576K
}

Deoptimization events (10 events):
Event: 22.587 Thread 0x000000001656e000 Uncommon trap: reason=class_check action=maybe_recompile pc=0x00000000027fc614 method=com.android.dx.rop.cst.CstLiteral32.equals(Ljava/lang/Object;)Z @ 20
Event: 22.587 Thread 0x000000001656e000 Uncommon trap: reason=class_check action=maybe_recompile pc=0x00000000027fc614 method=com.android.dx.rop.cst.CstLiteral32.equals(Ljava/lang/Object;)Z @ 20
Event: 22.587 Thread 0x000000001656e000 Uncommon trap: reason=class_check action=maybe_recompile pc=0x00000000027fc614 method=com.android.dx.rop.cst.CstLiteral32.equals(Ljava/lang/Object;)Z @ 20
Event: 23.078 Thread 0x0000000018012000 Uncommon trap: reason=class_check action=maybe_recompile pc=0x0000000002683260 method=java.util.Arrays.hashCode([Ljava/lang/Object;)I @ 43
Event: 23.078 Thread 0x0000000018012000 Uncommon trap: reason=class_check action=maybe_recompile pc=0x0000000002683260 method=java.util.Arrays.hashCode([Ljava/lang/Object;)I @ 43
Event: 23.078 Thread 0x0000000018012000 Uncommon trap: reason=class_check action=maybe_recompile pc=0x0000000002683260 method=java.util.Arrays.hashCode([Ljava/lang/Object;)I @ 43
Event: 23.078 Thread 0x0000000018012000 Uncommon trap: reason=class_check action=maybe_recompile pc=0x0000000002683260 method=java.util.Arrays.hashCode([Ljava/lang/Object;)I @ 43
Event: 23.078 Thread 0x0000000018012000 Uncommon trap: reason=class_check action=maybe_recompile pc=0x00000000025c3400 method=java.util.Arrays.hashCode([Ljava/lang/Object;)I @ 43
Event: 23.109 Thread 0x0000000018012000 Uncommon trap: reason=class_check action=maybe_recompile pc=0x0000000002571638 method=java.util.HashMap.putVal(ILjava/lang/Object;Ljava/lang/Object;ZZ)Ljava/lang/Object; @ 203
Event: 23.109 Thread 0x0000000018012000 Uncommon trap: reason=class_check action=maybe_recompile pc=0x0000000002571638 method=java.util.HashMap.putVal(ILjava/lang/Object;Ljava/lang/Object;ZZ)Ljava/lang/Object; @ 203

Internal exceptions (10 events):
Event: 13.892 Thread 0x0000000002050800 Exception <a 'java/security/PrivilegedActionException'> (0x00000000eb5a3540) thrown at [D:\re\workspace\8-2-build-windows-amd64-cygwin\jdk8u25\1677\hotspot\src\share\vm\prims\jvm.cpp, line 1312]
Event: 13.893 Thread 0x0000000002050800 Exception <a 'java/security/PrivilegedActionException'> (0x00000000eb5a5d98) thrown at [D:\re\workspace\8-2-build-windows-amd64-cygwin\jdk8u25\1677\hotspot\src\share\vm\prims\jvm.cpp, line 1312]
Event: 16.713 Thread 0x0000000002050800 Exception <a 'java/security/PrivilegedActionException'> (0x00000000ebc5c300) thrown at [D:\re\workspace\8-2-build-windows-amd64-cygwin\jdk8u25\1677\hotspot\src\share\vm\prims\jvm.cpp, line 1312]
Event: 17.646 Thread 0x000000001656e000 Exception <a 'java/security/PrivilegedActionException'> (0x00000000ec4e6cf8) thrown at [D:\re\workspace\8-2-build-windows-amd64-cygwin\jdk8u25\1677\hotspot\src\share\vm\prims\jvm.cpp, line 1312]
Event: 19.592 Thread 0x000000001655c800 Exception <a 'java/lang/ArrayIndexOutOfBoundsException': 18> (0x00000000eb841b08) thrown at [D:\re\workspace\8-2-build-windows-amd64-cygwin\jdk8u25\1677\hotspot\src\share\vm\interpreter\interpreterRuntime.cpp, line 366]
Event: 19.920 Thread 0x000000001655c800 Exception <a 'java/lang/ArrayIndexOutOfBoundsException'> (0x00000000eb8435a0) thrown at [D:\re\workspace\8-2-build-windows-amd64-cygwin\jdk8u25\1677\hotspot\src\share\vm\runtime\sharedRuntime.cpp, line 604]
Event: 19.922 Thread 0x000000001655c800 Exception <a 'java/lang/ArrayIndexOutOfBoundsException'> (0x00000000eb8447b8) thrown at [D:\re\workspace\8-2-build-windows-amd64-cygwin\jdk8u25\1677\hotspot\src\share\vm\runtime\sharedRuntime.cpp, line 604]
Event: 23.071 Thread 0x0000000002050800 Exception <a 'java/security/PrivilegedActionException'> (0x00000000ed4174b8) thrown at [D:\re\workspace\8-2-build-windows-amd64-cygwin\jdk8u25\1677\hotspot\src\share\vm\prims\jvm.cpp, line 1312]
Event: 23.077 Thread 0x0000000018012000 Exception <a 'java/security/PrivilegedActionException'> (0x00000000ed5d2fa0) thrown at [D:\re\workspace\8-2-build-windows-amd64-cygwin\jdk8u25\1677\hotspot\src\share\vm\prims\jvm.cpp, line 1312]
Event: 23.117 Thread 0x0000000018012000 Exception <a 'java/security/PrivilegedActionException'> (0x00000000ed656900) thrown at [D:\re\workspace\8-2-build-windows-amd64-cygwin\jdk8u25\1677\hotspot\src\share\vm\prims\jvm.cpp, line 1312]

Events (10 events):
Event: 23.109 Thread 0x0000000018012000 Uncommon trap: trap_request=0xffffffde fr.pc=0x0000000002571638
Event: 23.109 Thread 0x0000000018012000 DEOPT PACKING pc=0x0000000002571638 sp=0x0000000016f7f060
Event: 23.109 Thread 0x0000000018012000 DEOPT UNPACKING pc=0x000000000219556a sp=0x0000000016f7efd8 mode 2
Event: 23.109 Thread 0x0000000018012000 Uncommon trap: trap_request=0xffffffde fr.pc=0x0000000002571638
Event: 23.109 Thread 0x0000000018012000 DEOPT PACKING pc=0x0000000002571638 sp=0x0000000016f7f060
Event: 23.109 Thread 0x0000000018012000 DEOPT UNPACKING pc=0x000000000219556a sp=0x0000000016f7efd8 mode 2
Event: 23.117 loading class com/android/dx/dex/file/CatchStructs
Event: 23.117 loading class com/android/dx/dex/file/CatchStructs done
Event: 23.142 Thread 0x0000000018012000 DEOPT PACKING pc=0x0000000002b0a194 sp=0x0000000016f7f0a0
Event: 23.142 Thread 0x0000000018012000 DEOPT UNPACKING pc=0x00000000021971bf sp=0x0000000016f7ee30 mode 0


Dynamic libraries:
0x00007ff7dcb90000 - 0x00007ff7dcbc4000 	C:\Program Files\Java\jdk1.8.0_25\bin\java.exe
0x00007fff1d4c0000 - 0x00007fff1d66d000 	C:\Windows\SYSTEM32\ntdll.dll
0x00007fff1b7e0000 - 0x00007fff1b91e000 	C:\Windows\system32\KERNEL32.DLL
0x00007fff1a710000 - 0x00007fff1a825000 	C:\Windows\system32\KERNELBASE.dll
0x00007fff18fa0000 - 0x00007fff1902e000 	C:\Windows\system32\apphelp.dll
0x00007fff0f2d0000 - 0x00007fff0f323000 	C:\Windows\AppPatch\AppPatch64\AcGenral.DLL
0x00007fff1d410000 - 0x00007fff1d4ba000 	C:\Windows\system32\msvcrt.dll
0x00007fff1a830000 - 0x00007fff1a85e000 	C:\Windows\system32\SspiCli.dll
0x00007fff1d310000 - 0x00007fff1d364000 	C:\Windows\system32\SHLWAPI.dll
0x00007fff1b3e0000 - 0x00007fff1b557000 	C:\Windows\system32\USER32.dll
0x00007fff1b560000 - 0x00007fff1b6f4000 	C:\Windows\system32\ole32.dll
0x00007fff1b920000 - 0x00007fff1ce4a000 	C:\Windows\system32\SHELL32.dll
0x00007fff19c20000 - 0x00007fff19c41000 	C:\Windows\SYSTEM32\USERENV.dll
0x00007fff1b710000 - 0x00007fff1b7ba000 	C:\Windows\system32\ADVAPI32.dll
0x00007fff0cfe0000 - 0x00007fff0cffe000 	C:\Windows\SYSTEM32\MPR.dll
0x00007fff1d070000 - 0x00007fff1d1b0000 	C:\Windows\system32\RPCRT4.dll
0x00007fff1d370000 - 0x00007fff1d3c9000 	C:\Windows\SYSTEM32\sechost.dll
0x00007fff1afc0000 - 0x00007fff1b1d1000 	C:\Windows\SYSTEM32\combase.dll
0x00007fff1cf20000 - 0x00007fff1d06f000 	C:\Windows\system32\GDI32.dll
0x00007fff1a5f0000 - 0x00007fff1a605000 	C:\Windows\SYSTEM32\profapi.dll
0x00007fff18680000 - 0x00007fff18732000 	C:\Windows\SYSTEM32\SHCORE.dll
0x00007fff1d3d0000 - 0x00007fff1d406000 	C:\Windows\system32\IMM32.DLL
0x00007fff1d1b0000 - 0x00007fff1d302000 	C:\Windows\system32\MSCTF.dll
0x00007fff181b0000 - 0x00007fff1842b000 	C:\Windows\WinSxS\amd64_microsoft.windows.common-controls_6595b64144ccf1df_6.0.9600.18006_none_623f33d3ecbe86e8\COMCTL32.dll
0x00000000746b0000 - 0x0000000074782000 	C:\Program Files\Java\jdk1.8.0_25\jre\bin\msvcr100.dll
0x0000000074c70000 - 0x00000000754ca000 	C:\Program Files\Java\jdk1.8.0_25\jre\bin\server\jvm.dll
0x00007fff171b0000 - 0x00007fff171b9000 	C:\Windows\SYSTEM32\WSOCK32.dll
0x00007fff09bb0000 - 0x00007fff09bd2000 	C:\Windows\SYSTEM32\WINMM.dll
0x00007fff1b700000 - 0x00007fff1b707000 	C:\Windows\system32\PSAPI.DLL
0x00007fff1ce50000 - 0x00007fff1ceaa000 	C:\Windows\system32\WS2_32.dll
0x00007fff09b80000 - 0x00007fff09baa000 	C:\Windows\SYSTEM32\WINMMBASE.dll
0x00007fff1ae00000 - 0x00007fff1ae09000 	C:\Windows\system32\NSI.dll
0x00007fff1a6c0000 - 0x00007fff1a70f000 	C:\Windows\SYSTEM32\cfgmgr32.dll
0x00007fff19410000 - 0x00007fff19438000 	C:\Windows\SYSTEM32\DEVOBJ.dll
0x0000000075a10000 - 0x0000000075a1f000 	C:\Program Files\Java\jdk1.8.0_25\jre\bin\verify.dll
0x00000000759e0000 - 0x0000000075a08000 	C:\Program Files\Java\jdk1.8.0_25\jre\bin\java.dll
0x00000000759c0000 - 0x00000000759d6000 	C:\Program Files\Java\jdk1.8.0_25\jre\bin\zip.dll
0x00007fff17880000 - 0x00007fff17a09000 	C:\Windows\SYSTEM32\dbghelp.dll

VM Arguments:
jvm_args: -Djava.awt.headless=true -Xmx1024M -Dfile.encoding=windows-1252 -Duser.country=US -Duser.language=en -Duser.variant 
java_command: com.android.dx.command.Main --dex --force-jumbo --num-threads=4 --multi-dex --output C:\Users\ZweMunHtun\Desktop\StudentShowCase\AroundYangon\app\build\intermediates\transforms\dex\debug\folders\1000\10\com.facebook.android-facebook-android-sdk-4.11.0_6f78dee77670520ce2759e4dd28ffde4a019e77d C:\Users\ZweMunHtun\Desktop\StudentShowCase\AroundYangon\app\build\intermediates\exploded-aar\com.facebook.android\facebook-android-sdk\4.11.0\jars\classes.jar
java_class_path (initial): C:\Users\ZweMunHtun\AppData\Local\Android\sdk\build-tools\23.0.3\lib\dx.jar
Launcher Type: SUN_STANDARD

Environment Variables:
PATH=C:\ProgramData\Oracle\Java\javapath;C:\Windows\system32;C:\Windows;C:\Windows\System32\Wbem;C:\Windows\System32\WindowsPowerShell\v1.0\;C:\Program Files\Git\cmd;
USERNAME=ZweMunHtun
OS=Windows_NT
PROCESSOR_IDENTIFIER=Intel64 Family 6 Model 37 Stepping 5, GenuineIntel



---------------  S Y S T E M  ---------------

OS: Windows 8.1 , 64 bit Build 9600 

CPU:total 4 (2 cores per cpu, 2 threads per core) family 6 model 37 stepping 5, cmov, cx8, fxsr, mmx, sse, sse2, sse3, ssse3, sse4.1, sse4.2, popcnt, aes, clmul, ht, tsc, tscinvbit

Memory: 4k page, physical 3987300k(485852k free), swap 6358036k(689648k free)

vm_info: Java HotSpot(TM) 64-Bit Server VM (25.25-b02) for windows-amd64 JRE (1.8.0_25-b18), built on Oct  7 2014 14:25:37 by "java_re" with MS VC++ 10.0 (VS2010)

time: Fri Jul 29 00:21:11 2016
elapsed time: 29 seconds (0d 0h 0m 29s)

