#
# There is insufficient memory for the Java Runtime Environment to continue.
# Native memory allocation (malloc) failed to allocate 1116688 bytes for Chunk::new
# Possible reasons:
#   The system is out of physical RAM or swap space
#   In 32 bit mode, the process size limit was hit
# Possible solutions:
#   Reduce memory load on the system
#   Increase physical memory or swap space
#   Check if swap backing store is full
#   Use 64 bit Java on a 64 bit OS
#   Decrease Java heap size (-Xmx/-Xms)
#   Decrease number of Java threads
#   Decrease Java thread stack sizes (-Xss)
#   Set larger code cache with -XX:ReservedCodeCacheSize=
# This output file may be truncated or incomplete.
#
#  Out of Memory Error (allocation.cpp:390), pid=5536, tid=4700
#
# JRE version: Java(TM) SE Runtime Environment (8.0_25-b18) (build 1.8.0_25-b18)
# Java VM: Java HotSpot(TM) 64-Bit Server VM (25.25-b02 mixed mode windows-amd64 compressed oops)
# Failed to write core dump. Minidumps are not enabled by default on client versions of Windows
#

---------------  T H R E A D  ---------------

Current thread (0x0000000014a2c800):  JavaThread "C2 CompilerThread0" daemon [_thread_in_native, id=4700, stack(0x0000000015f80000,0x0000000016080000)]

Stack: [0x0000000015f80000,0x0000000016080000]
Native frames: (J=compiled Java code, j=interpreted, Vv=VM code, C=native code)
V  [jvm.dll+0x31667a]


Current CompileTask:
C2:   5592 1017   !   4       com.android.dx.cf.code.BytecodeArray::parseInstruction (2764 bytes)


---------------  P R O C E S S  ---------------

Java Threads: ( => current thread )
  0x0000000016729000 JavaThread "pool-2-thread-4" [_thread_blocked, id=2756, stack(0x0000000016c80000,0x0000000016d80000)]
  0x00000000165e9000 JavaThread "pool-2-thread-3" [_thread_in_Java, id=5596, stack(0x0000000016b80000,0x0000000016c80000)]
  0x0000000016728800 JavaThread "pool-2-thread-2" [_thread_blocked, id=5440, stack(0x0000000016a80000,0x0000000016b80000)]
  0x00000000165b3800 JavaThread "pool-3-thread-1" [_thread_blocked, id=1240, stack(0x0000000016980000,0x0000000016a80000)]
  0x00000000165b2800 JavaThread "pool-2-thread-1" [_thread_in_vm, id=600, stack(0x0000000016880000,0x0000000016980000)]
  0x0000000014a89800 JavaThread "Service Thread" daemon [_thread_blocked, id=1276, stack(0x0000000016280000,0x0000000016380000)]
  0x0000000014a80800 JavaThread "C1 CompilerThread2" daemon [_thread_in_native, id=5512, stack(0x0000000016180000,0x0000000016280000)]
  0x0000000014a7d800 JavaThread "C2 CompilerThread1" daemon [_thread_in_native, id=5388, stack(0x0000000016080000,0x0000000016180000)]
=>0x0000000014a2c800 JavaThread "C2 CompilerThread0" daemon [_thread_in_native, id=4700, stack(0x0000000015f80000,0x0000000016080000)]
  0x0000000014a2b000 JavaThread "Attach Listener" daemon [_thread_blocked, id=752, stack(0x0000000015e80000,0x0000000015f80000)]
  0x0000000014a29800 JavaThread "Signal Dispatcher" daemon [_thread_blocked, id=5660, stack(0x0000000015d80000,0x0000000015e80000)]
  0x000000000234e800 JavaThread "Finalizer" daemon [_thread_blocked, id=5352, stack(0x0000000015c80000,0x0000000015d80000)]
  0x000000000234b000 JavaThread "Reference Handler" daemon [_thread_blocked, id=2132, stack(0x0000000015b80000,0x0000000015c80000)]
  0x0000000002260800 JavaThread "main" [_thread_in_vm, id=5532, stack(0x00000000020e0000,0x00000000021e0000)]

Other Threads:
  0x00000000149f6000 VMThread [stack: 0x0000000015a80000,0x0000000015b80000] [id=5624]
  0x0000000014a8c800 WatcherThread [stack: 0x0000000016380000,0x0000000016480000] [id=5876]

VM state:not at safepoint (normal execution)

VM Mutex/Monitor currently owned by a thread: None

Heap:
 PSYoungGen      total 18432K, used 14216K [0x00000000eab00000, 0x00000000ebf80000, 0x0000000100000000)
  eden space 15872K, 73% used [0x00000000eab00000,0x00000000eb668f98,0x00000000eba80000)
  from space 2560K, 98% used [0x00000000eba80000,0x00000000ebcf9380,0x00000000ebd00000)
  to   space 2560K, 0% used [0x00000000ebd00000,0x00000000ebd00000,0x00000000ebf80000)
 ParOldGen       total 42496K, used 1376K [0x00000000c0000000, 0x00000000c2980000, 0x00000000eab00000)
  object space 42496K, 3% used [0x00000000c0000000,0x00000000c0158118,0x00000000c2980000)
 Metaspace       used 5689K, capacity 6736K, committed 7040K, reserved 1056768K
  class space    used 568K, capacity 584K, committed 640K, reserved 1048576K

Card table byte_map: [0x0000000011720000,0x0000000011930000] byte_map_base: 0x0000000011120000

Marking Bits: (ParMarkBitMap*) 0x000000007544d490
 Begin Bits: [0x0000000011e90000, 0x0000000012e90000)
 End Bits:   [0x0000000012e90000, 0x0000000013e90000)

Polling page: 0x0000000000760000

CodeCache: size=245760Kb used=4270Kb max_used=4270Kb free=241489Kb
 bounds [0x0000000002360000, 0x0000000002790000, 0x0000000011360000]
 total_blobs=1333 nmethods=1071 adapters=177
 compilation: enabled

Compilation events (10 events):
Event: 5.513 Thread 0x0000000014a7d800 nmethod 1053 0x0000000002773fd0 code [0x0000000002774120, 0x0000000002774398]
Event: 5.513 Thread 0x0000000014a7d800 1051       4       com.android.dx.rop.code.RopMethod::labelToPredecessors (54 bytes)
Event: 5.525 Thread 0x0000000014a80800 1060       3       com.android.dx.cf.code.ConcreteMethod::getCode (8 bytes)
Event: 5.525 Thread 0x0000000014a80800 nmethod 1060 0x0000000002779990 code [0x0000000002779ae0, 0x0000000002779cd0]
Event: 5.526 Thread 0x0000000014a80800 1061       3       java.util.TreeMap::get (19 bytes)
Event: 5.526 Thread 0x0000000014a80800 nmethod 1061 0x00000000027794d0 code [0x0000000002779640, 0x00000000027798a8]
Event: 5.526 Thread 0x0000000014a80800 1062       3       java.util.TreeMap::getEntry (84 bytes)
Event: 5.527 Thread 0x0000000014a80800 nmethod 1062 0x0000000002778ad0 code [0x0000000002778c80, 0x00000000027792e8]
Event: 5.552 Thread 0x0000000014a7d800 nmethod 1051 0x000000000277c810 code [0x000000000277ca20, 0x000000000277dd50]
Event: 5.552 Thread 0x0000000014a7d800 1063       4       com.android.dx.ssa.SsaMethod::bitSetFromLabelList (47 bytes)

GC Heap History (2 events):
Event: 5.126 GC heap before
{Heap before GC invocations=1 (full 0):
 PSYoungGen      total 18432K, used 15872K [0x00000000eab00000, 0x00000000ebf80000, 0x0000000100000000)
  eden space 15872K, 100% used [0x00000000eab00000,0x00000000eba80000,0x00000000eba80000)
  from space 2560K, 0% used [0x00000000ebd00000,0x00000000ebd00000,0x00000000ebf80000)
  to   space 2560K, 0% used [0x00000000eba80000,0x00000000eba80000,0x00000000ebd00000)
 ParOldGen       total 42496K, used 0K [0x00000000c0000000, 0x00000000c2980000, 0x00000000eab00000)
  object space 42496K, 0% used [0x00000000c0000000,0x00000000c0000000,0x00000000c2980000)
 Metaspace       used 5575K, capacity 6672K, committed 6784K, reserved 1056768K
  class space    used 568K, capacity 584K, committed 640K, reserved 1048576K
Event: 5.249 GC heap after
Heap after GC invocations=1 (full 0):
 PSYoungGen      total 18432K, used 2532K [0x00000000eab00000, 0x00000000ebf80000, 0x0000000100000000)
  eden space 15872K, 0% used [0x00000000eab00000,0x00000000eab00000,0x00000000eba80000)
  from space 2560K, 98% used [0x00000000eba80000,0x00000000ebcf9380,0x00000000ebd00000)
  to   space 2560K, 0% used [0x00000000ebd00000,0x00000000ebd00000,0x00000000ebf80000)
 ParOldGen       total 42496K, used 1376K [0x00000000c0000000, 0x00000000c2980000, 0x00000000eab00000)
  object space 42496K, 3% used [0x00000000c0000000,0x00000000c0158118,0x00000000c2980000)
 Metaspace       used 5575K, capacity 6672K, committed 6784K, reserved 1056768K
  class space    used 568K, capacity 584K, committed 640K, reserved 1048576K
}

Deoptimization events (2 events):
Event: 5.094 Thread 0x0000000016728800 Uncommon trap: reason=null_check action=make_not_entrant pc=0x00000000026898a0 method=com.android.dx.ssa.SsaRenamer.getLocalForNewReg(I)Lcom/android/dx/rop/code/LocalItem; @ 19
Event: 5.383 Thread 0x00000000165e9000 Uncommon trap: reason=class_check action=maybe_recompile pc=0x00000000026b2e00 method=com.android.dx.ssa.NormalSsaInsn.accept(Lcom/android/dx/ssa/SsaInsn$Visitor;)V @ 9

Internal exceptions (10 events):
Event: 4.778 Thread 0x00000000165b2800 Exception <a 'java/security/PrivilegedActionException'> (0x00000000eb394330) thrown at [D:\re\workspace\8-2-build-windows-amd64-cygwin\jdk8u25\1677\hotspot\src\share\vm\prims\jvm.cpp, line 1312]
Event: 4.779 Thread 0x0000000016729000 Exception <a 'java/security/PrivilegedActionException'> (0x00000000eb311ee8) thrown at [D:\re\workspace\8-2-build-windows-amd64-cygwin\jdk8u25\1677\hotspot\src\share\vm\prims\jvm.cpp, line 1312]
Event: 4.780 Thread 0x00000000165e9000 Exception <a 'java/security/PrivilegedActionException'> (0x00000000eb270d10) thrown at [D:\re\workspace\8-2-build-windows-amd64-cygwin\jdk8u25\1677\hotspot\src\share\vm\prims\jvm.cpp, line 1312]
Event: 4.780 Thread 0x00000000165e9000 Exception <a 'java/security/PrivilegedActionException'> (0x00000000eb276780) thrown at [D:\re\workspace\8-2-build-windows-amd64-cygwin\jdk8u25\1677\hotspot\src\share\vm\prims\jvm.cpp, line 1312]
Event: 4.781 Thread 0x00000000165e9000 Exception <a 'java/security/PrivilegedActionException'> (0x00000000eb27f4c0) thrown at [D:\re\workspace\8-2-build-windows-amd64-cygwin\jdk8u25\1677\hotspot\src\share\vm\prims\jvm.cpp, line 1312]
Event: 4.791 Thread 0x00000000165e9000 Exception <a 'java/security/PrivilegedActionException'> (0x00000000eb4f5d98) thrown at [D:\re\workspace\8-2-build-windows-amd64-cygwin\jdk8u25\1677\hotspot\src\share\vm\prims\jvm.cpp, line 1312]
Event: 4.792 Thread 0x00000000165e9000 Exception <a 'java/security/PrivilegedActionException'> (0x00000000eb4f8df0) thrown at [D:\re\workspace\8-2-build-windows-amd64-cygwin\jdk8u25\1677\hotspot\src\share\vm\prims\jvm.cpp, line 1312]
Event: 4.799 Thread 0x00000000165e9000 Exception <a 'java/security/PrivilegedActionException'> (0x00000000eb51ccc8) thrown at [D:\re\workspace\8-2-build-windows-amd64-cygwin\jdk8u25\1677\hotspot\src\share\vm\prims\jvm.cpp, line 1312]
Event: 4.814 Thread 0x00000000165b2800 Exception <a 'java/security/PrivilegedActionException'> (0x00000000eb3c01c0) thrown at [D:\re\workspace\8-2-build-windows-amd64-cygwin\jdk8u25\1677\hotspot\src\share\vm\prims\jvm.cpp, line 1312]
Event: 5.094 Thread 0x0000000016728800 Implicit null exception at 0x0000000002687c4c to 0x0000000002689879

Events (10 events):
Event: 5.094 Thread 0x0000000016728800 Uncommon trap: trap_request=0xfffffff4 fr.pc=0x00000000026898a0
Event: 5.094 Thread 0x0000000016728800 DEOPT PACKING pc=0x00000000026898a0 sp=0x0000000016b7e940
Event: 5.094 Thread 0x0000000016728800 DEOPT UNPACKING pc=0x00000000023a556a sp=0x0000000016b7e778 mode 2
Event: 5.126 Executing VM operation: ParallelGCFailedAllocation
Event: 5.249 Executing VM operation: ParallelGCFailedAllocation done
Event: 5.249 loading class sun/misc/Cleaner
Event: 5.249 loading class sun/misc/Cleaner done
Event: 5.383 Thread 0x00000000165e9000 Uncommon trap: trap_request=0xffffffde fr.pc=0x00000000026b2e00
Event: 5.383 Thread 0x00000000165e9000 DEOPT PACKING pc=0x00000000026b2e00 sp=0x0000000016c7e9c0
Event: 5.383 Thread 0x00000000165e9000 DEOPT UNPACKING pc=0x00000000023a556a sp=0x0000000016c7e940 mode 2


Dynamic libraries:
0x00007ff7dcb90000 - 0x00007ff7dcbc4000 	C:\Program Files\Java\jdk1.8.0_25\bin\java.exe
0x00007fff1d4c0000 - 0x00007fff1d66d000 	C:\Windows\SYSTEM32\ntdll.dll
0x00007fff1b7e0000 - 0x00007fff1b91e000 	C:\Windows\system32\KERNEL32.DLL
0x00007fff1a710000 - 0x00007fff1a825000 	C:\Windows\system32\KERNELBASE.dll
0x00007fff18fa0000 - 0x00007fff1902e000 	C:\Windows\system32\apphelp.dll
0x00007fff0f2d0000 - 0x00007fff0f323000 	C:\Windows\AppPatch\AppPatch64\AcGenral.DLL
0x00007fff1d410000 - 0x00007fff1d4ba000 	C:\Windows\system32\msvcrt.dll
0x00007fff1a830000 - 0x00007fff1a85e000 	C:\Windows\system32\SspiCli.dll
0x00007fff1d310000 - 0x00007fff1d364000 	C:\Windows\system32\SHLWAPI.dll
0x00007fff1b3e0000 - 0x00007fff1b557000 	C:\Windows\system32\USER32.dll
0x00007fff1b560000 - 0x00007fff1b6f4000 	C:\Windows\system32\ole32.dll
0x00007fff1b920000 - 0x00007fff1ce4a000 	C:\Windows\system32\SHELL32.dll
0x00007fff19c20000 - 0x00007fff19c41000 	C:\Windows\SYSTEM32\USERENV.dll
0x00007fff1b710000 - 0x00007fff1b7ba000 	C:\Windows\system32\ADVAPI32.dll
0x00007fff0cfe0000 - 0x00007fff0cffe000 	C:\Windows\SYSTEM32\MPR.dll
0x00007fff1d070000 - 0x00007fff1d1b0000 	C:\Windows\system32\RPCRT4.dll
0x00007fff1d370000 - 0x00007fff1d3c9000 	C:\Windows\SYSTEM32\sechost.dll
0x00007fff1afc0000 - 0x00007fff1b1d1000 	C:\Windows\SYSTEM32\combase.dll
0x00007fff1cf20000 - 0x00007fff1d06f000 	C:\Windows\system32\GDI32.dll
0x00007fff1a5f0000 - 0x00007fff1a605000 	C:\Windows\SYSTEM32\profapi.dll
0x00007fff18680000 - 0x00007fff18732000 	C:\Windows\SYSTEM32\SHCORE.dll
0x00007fff1d3d0000 - 0x00007fff1d406000 	C:\Windows\system32\IMM32.DLL
0x00007fff1d1b0000 - 0x00007fff1d302000 	C:\Windows\system32\MSCTF.dll
0x00007fff181b0000 - 0x00007fff1842b000 	C:\Windows\WinSxS\amd64_microsoft.windows.common-controls_6595b64144ccf1df_6.0.9600.18006_none_623f33d3ecbe86e8\COMCTL32.dll
0x00000000746b0000 - 0x0000000074782000 	C:\Program Files\Java\jdk1.8.0_25\jre\bin\msvcr100.dll
0x0000000074c70000 - 0x00000000754ca000 	C:\Program Files\Java\jdk1.8.0_25\jre\bin\server\jvm.dll
0x00007fff171b0000 - 0x00007fff171b9000 	C:\Windows\SYSTEM32\WSOCK32.dll
0x00007fff09bb0000 - 0x00007fff09bd2000 	C:\Windows\SYSTEM32\WINMM.dll
0x00007fff1b700000 - 0x00007fff1b707000 	C:\Windows\system32\PSAPI.DLL
0x00007fff1ce50000 - 0x00007fff1ceaa000 	C:\Windows\system32\WS2_32.dll
0x00007fff09b80000 - 0x00007fff09baa000 	C:\Windows\SYSTEM32\WINMMBASE.dll
0x00007fff1ae00000 - 0x00007fff1ae09000 	C:\Windows\system32\NSI.dll
0x00007fff1a6c0000 - 0x00007fff1a70f000 	C:\Windows\SYSTEM32\cfgmgr32.dll
0x00007fff19410000 - 0x00007fff19438000 	C:\Windows\SYSTEM32\DEVOBJ.dll
0x0000000075a10000 - 0x0000000075a1f000 	C:\Program Files\Java\jdk1.8.0_25\jre\bin\verify.dll
0x00000000759e0000 - 0x0000000075a08000 	C:\Program Files\Java\jdk1.8.0_25\jre\bin\java.dll
0x00000000759c0000 - 0x00000000759d6000 	C:\Program Files\Java\jdk1.8.0_25\jre\bin\zip.dll

VM Arguments:
jvm_args: -Djava.awt.headless=true -Xmx1024M -Dfile.encoding=windows-1252 -Duser.country=US -Duser.language=en -Duser.variant 
java_command: com.android.dx.command.Main --dex --force-jumbo --num-threads=4 --multi-dex --output C:\Users\ZweMunHtun\Desktop\StudentShowCase\AroundYangon\app\build\intermediates\transforms\dex\debug\folders\1000\5\slice_5 C:\Users\ZweMunHtun\Desktop\StudentShowCase\AroundYangon\app\build\intermediates\transforms\instantRunSlicer\debug\folders\1\5\slice_5
java_class_path (initial): C:\Users\ZweMunHtun\AppData\Local\Android\sdk\build-tools\23.0.3\lib\dx.jar
Launcher Type: SUN_STANDARD

Environment Variables:
PATH=C:\ProgramData\Oracle\Java\javapath;C:\Windows\system32;C:\Windows;C:\Windows\System32\Wbem;C:\Windows\System32\WindowsPowerShell\v1.0\;C:\Program Files\Git\cmd;
USERNAME=ZweMunHtun
OS=Windows_NT
PROCESSOR_IDENTIFIER=Intel64 Family 6 Model 37 Stepping 5, GenuineIntel



---------------  S Y S T E M  ---------------

OS: Windows 8.1 , 64 bit Build 9600 

CPU:total 4 (2 cores per cpu, 2 threads per core) family 6 model 37 stepping 5, cmov, cx8, fxsr, mmx, sse, sse2, sse3, ssse3, sse4.1, sse4.2, popcnt, aes, clmul, ht, tsc, tscinvbit

Memory: 4k page, physical 3987300k(680780k free), swap 6358036k(5216k free)

vm_info: Java HotSpot(TM) 64-Bit Server VM (25.25-b02) for windows-amd64 JRE (1.8.0_25-b18), built on Oct  7 2014 14:25:37 by "java_re" with MS VC++ 10.0 (VS2010)

time: Fri Jul 29 00:31:27 2016
elapsed time: 5 seconds (0d 0h 0m 5s)

